{"E:\\Code\\api-monitor\\src\\middleware\\errorHandler.js": {"path":"E:\\Code\\api-monitor\\src\\middleware\\errorHandler.js","statementMap":{"0":{"start":{"line":6,"column":25},"end":{"line":6,"column":null}},"1":{"start":{"line":8,"column":15},"end":{"line":8,"column":null}},"2":{"start":{"line":15,"column":8},"end":{"line":15,"column":null}},"3":{"start":{"line":16,"column":8},"end":{"line":16,"column":null}},"4":{"start":{"line":17,"column":8},"end":{"line":17,"column":null}},"5":{"start":{"line":18,"column":8},"end":{"line":18,"column":null}},"6":{"start":{"line":20,"column":8},"end":{"line":20,"column":null}},"7":{"start":{"line":29,"column":8},"end":{"line":29,"column":null}},"8":{"start":{"line":35,"column":8},"end":{"line":35,"column":null}},"9":{"start":{"line":41,"column":8},"end":{"line":41,"column":null}},"10":{"start":{"line":47,"column":8},"end":{"line":47,"column":null}},"11":{"start":{"line":53,"column":8},"end":{"line":53,"column":null}},"12":{"start":{"line":59,"column":8},"end":{"line":59,"column":null}},"13":{"start":{"line":60,"column":8},"end":{"line":60,"column":null}},"14":{"start":{"line":66,"column":8},"end":{"line":66,"column":null}},"15":{"start":{"line":75,"column":4},"end":{"line":77,"column":null}},"16":{"start":{"line":76,"column":8},"end":{"line":76,"column":null}},"17":{"start":{"line":80,"column":21},"end":{"line":80,"column":null}},"18":{"start":{"line":81,"column":15},"end":{"line":81,"column":null}},"19":{"start":{"line":82,"column":18},"end":{"line":82,"column":null}},"20":{"start":{"line":85,"column":4},"end":{"line":99,"column":null}},"21":{"start":{"line":87,"column":8},"end":{"line":87,"column":null}},"22":{"start":{"line":88,"column":8},"end":{"line":88,"column":null}},"23":{"start":{"line":89,"column":8},"end":{"line":89,"column":null}},"24":{"start":{"line":90,"column":4},"end":{"line":99,"column":null}},"25":{"start":{"line":92,"column":8},"end":{"line":92,"column":null}},"26":{"start":{"line":93,"column":8},"end":{"line":93,"column":null}},"27":{"start":{"line":94,"column":4},"end":{"line":99,"column":null}},"28":{"start":{"line":96,"column":8},"end":{"line":96,"column":null}},"29":{"start":{"line":97,"column":8},"end":{"line":97,"column":null}},"30":{"start":{"line":98,"column":8},"end":{"line":98,"column":null}},"31":{"start":{"line":102,"column":18},"end":{"line":102,"column":null}},"32":{"start":{"line":105,"column":4},"end":{"line":112,"column":null}},"33":{"start":{"line":106,"column":8},"end":{"line":109,"column":null}},"34":{"start":{"line":111,"column":8},"end":{"line":111,"column":null}},"35":{"start":{"line":115,"column":21},"end":{"line":121,"column":null}},"36":{"start":{"line":124,"column":4},"end":{"line":126,"column":null}},"37":{"start":{"line":125,"column":8},"end":{"line":125,"column":null}},"38":{"start":{"line":129,"column":4},"end":{"line":131,"column":null}},"39":{"start":{"line":130,"column":8},"end":{"line":130,"column":null}},"40":{"start":{"line":133,"column":4},"end":{"line":133,"column":null}},"41":{"start":{"line":141,"column":4},"end":{"line":147,"column":null}},"42":{"start":{"line":142,"column":22},"end":{"line":142,"column":null}},"43":{"start":{"line":143,"column":8},"end":{"line":143,"column":null}},"44":{"start":{"line":146,"column":8},"end":{"line":146,"column":null}},"45":{"start":{"line":155,"column":4},"end":{"line":157,"column":null}},"46":{"start":{"line":156,"column":8},"end":{"line":156,"column":null}},"47":{"start":{"line":164,"column":21},"end":{"line":167,"column":null}},"48":{"start":{"line":169,"column":4},"end":{"line":171,"column":null}},"49":{"start":{"line":170,"column":8},"end":{"line":170,"column":null}},"50":{"start":{"line":173,"column":4},"end":{"line":173,"column":null}},"51":{"start":{"line":180,"column":4},"end":{"line":190,"column":null}},"52":{"start":{"line":193,"column":0},"end":{"line":212,"column":null}}},"fnMap":{"0":{"name":"(anonymous_0)","decl":{"start":{"line":14,"column":4},"end":{"line":14,"column":16}},"loc":{"start":{"line":14,"column":68},"end":{"line":21,"column":null}},"line":14},"1":{"name":"(anonymous_1)","decl":{"start":{"line":28,"column":4},"end":{"line":28,"column":16}},"loc":{"start":{"line":28,"column":35},"end":{"line":30,"column":null}},"line":28},"2":{"name":"(anonymous_2)","decl":{"start":{"line":34,"column":4},"end":{"line":34,"column":16}},"loc":{"start":{"line":34,"column":36},"end":{"line":36,"column":null}},"line":34},"3":{"name":"(anonymous_3)","decl":{"start":{"line":40,"column":4},"end":{"line":40,"column":16}},"loc":{"start":{"line":40,"column":35},"end":{"line":42,"column":null}},"line":40},"4":{"name":"(anonymous_4)","decl":{"start":{"line":46,"column":4},"end":{"line":46,"column":16}},"loc":{"start":{"line":46,"column":34},"end":{"line":48,"column":null}},"line":46},"5":{"name":"(anonymous_5)","decl":{"start":{"line":52,"column":4},"end":{"line":52,"column":16}},"loc":{"start":{"line":52,"column":34},"end":{"line":54,"column":null}},"line":52},"6":{"name":"(anonymous_6)","decl":{"start":{"line":58,"column":4},"end":{"line":58,"column":16}},"loc":{"start":{"line":58,"column":49},"end":{"line":61,"column":null}},"line":58},"7":{"name":"(anonymous_7)","decl":{"start":{"line":65,"column":4},"end":{"line":65,"column":16}},"loc":{"start":{"line":65,"column":42},"end":{"line":67,"column":null}},"line":65},"8":{"name":"errorHandler","decl":{"start":{"line":73,"column":9},"end":{"line":73,"column":22}},"loc":{"start":{"line":73,"column":43},"end":{"line":134,"column":null}},"line":73},"9":{"name":"notFoundHandler","decl":{"start":{"line":139,"column":9},"end":{"line":139,"column":25}},"loc":{"start":{"line":139,"column":41},"end":{"line":148,"column":null}},"line":139},"10":{"name":"asyncHandler","decl":{"start":{"line":154,"column":9},"end":{"line":154,"column":22}},"loc":{"start":{"line":154,"column":26},"end":{"line":158,"column":null}},"line":154},"11":{"name":"(anonymous_11)","decl":{"start":{"line":155,"column":11},"end":{"line":155,"column":12}},"loc":{"start":{"line":155,"column":31},"end":{"line":157,"column":null}},"line":155},"12":{"name":"successResponse","decl":{"start":{"line":163,"column":9},"end":{"line":163,"column":25}},"loc":{"start":{"line":163,"column":79},"end":{"line":174,"column":null}},"line":163},"13":{"name":"paginatedResponse","decl":{"start":{"line":179,"column":9},"end":{"line":179,"column":27}},"loc":{"start":{"line":179,"column":68},"end":{"line":191,"column":null}},"line":179}},"branchMap":{"0":{"loc":{"start":{"line":14,"column":25},"end":{"line":14,"column":43}},"type":"default-arg","locations":[{"start":{"line":14,"column":38},"end":{"line":14,"column":43}}],"line":14},"1":{"loc":{"start":{"line":14,"column":43},"end":{"line":14,"column":68}},"type":"default-arg","locations":[{"start":{"line":14,"column":50},"end":{"line":14,"column":68}}],"line":14},"2":{"loc":{"start":{"line":28,"column":16},"end":{"line":28,"column":35}},"type":"default-arg","locations":[{"start":{"line":28,"column":26},"end":{"line":28,"column":35}}],"line":28},"3":{"loc":{"start":{"line":34,"column":16},"end":{"line":34,"column":36}},"type":"default-arg","locations":[{"start":{"line":34,"column":26},"end":{"line":34,"column":36}}],"line":34},"4":{"loc":{"start":{"line":40,"column":16},"end":{"line":40,"column":35}},"type":"default-arg","locations":[{"start":{"line":40,"column":26},"end":{"line":40,"column":35}}],"line":40},"5":{"loc":{"start":{"line":46,"column":16},"end":{"line":46,"column":34}},"type":"default-arg","locations":[{"start":{"line":46,"column":26},"end":{"line":46,"column":34}}],"line":46},"6":{"loc":{"start":{"line":52,"column":16},"end":{"line":52,"column":34}},"type":"default-arg","locations":[{"start":{"line":52,"column":26},"end":{"line":52,"column":34}}],"line":52},"7":{"loc":{"start":{"line":58,"column":16},"end":{"line":58,"column":36}},"type":"default-arg","locations":[{"start":{"line":58,"column":26},"end":{"line":58,"column":36}}],"line":58},"8":{"loc":{"start":{"line":58,"column":36},"end":{"line":58,"column":49}},"type":"default-arg","locations":[{"start":{"line":58,"column":45},"end":{"line":58,"column":49}}],"line":58},"9":{"loc":{"start":{"line":65,"column":16},"end":{"line":65,"column":42}},"type":"default-arg","locations":[{"start":{"line":65,"column":26},"end":{"line":65,"column":42}}],"line":65},"10":{"loc":{"start":{"line":75,"column":4},"end":{"line":77,"column":null}},"type":"if","locations":[{"start":{"line":75,"column":4},"end":{"line":77,"column":null}},{"start":{},"end":{}}],"line":75},"11":{"loc":{"start":{"line":80,"column":21},"end":{"line":80,"column":null}},"type":"binary-expr","locations":[{"start":{"line":80,"column":21},"end":{"line":80,"column":39}},{"start":{"line":80,"column":39},"end":{"line":80,"column":null}}],"line":80},"12":{"loc":{"start":{"line":81,"column":15},"end":{"line":81,"column":null}},"type":"binary-expr","locations":[{"start":{"line":81,"column":15},"end":{"line":81,"column":27}},{"start":{"line":81,"column":27},"end":{"line":81,"column":null}}],"line":81},"13":{"loc":{"start":{"line":82,"column":18},"end":{"line":82,"column":null}},"type":"binary-expr","locations":[{"start":{"line":82,"column":18},"end":{"line":82,"column":33}},{"start":{"line":82,"column":33},"end":{"line":82,"column":null}}],"line":82},"14":{"loc":{"start":{"line":85,"column":4},"end":{"line":99,"column":null}},"type":"if","locations":[{"start":{"line":85,"column":4},"end":{"line":99,"column":null}},{"start":{"line":90,"column":4},"end":{"line":99,"column":null}}],"line":85},"15":{"loc":{"start":{"line":85,"column":8},"end":{"line":85,"column":58}},"type":"binary-expr","locations":[{"start":{"line":85,"column":8},"end":{"line":85,"column":38}},{"start":{"line":85,"column":38},"end":{"line":85,"column":58}}],"line":85},"16":{"loc":{"start":{"line":90,"column":4},"end":{"line":99,"column":null}},"type":"if","locations":[{"start":{"line":90,"column":4},"end":{"line":99,"column":null}},{"start":{"line":94,"column":4},"end":{"line":99,"column":null}}],"line":90},"17":{"loc":{"start":{"line":90,"column":15},"end":{"line":90,"column":61}},"type":"binary-expr","locations":[{"start":{"line":90,"column":15},"end":{"line":90,"column":49}},{"start":{"line":90,"column":49},"end":{"line":90,"column":61}}],"line":90},"18":{"loc":{"start":{"line":94,"column":4},"end":{"line":99,"column":null}},"type":"if","locations":[{"start":{"line":94,"column":4},"end":{"line":99,"column":null}},{"start":{},"end":{}}],"line":94},"19":{"loc":{"start":{"line":105,"column":4},"end":{"line":112,"column":null}},"type":"if","locations":[{"start":{"line":105,"column":4},"end":{"line":112,"column":null}},{"start":{"line":110,"column":11},"end":{"line":112,"column":null}}],"line":105},"20":{"loc":{"start":{"line":107,"column":19},"end":{"line":107,"column":null}},"type":"cond-expr","locations":[{"start":{"line":107,"column":27},"end":{"line":107,"column":39}},{"start":{"line":107,"column":39},"end":{"line":107,"column":null}}],"line":107},"21":{"loc":{"start":{"line":108,"column":18},"end":{"line":108,"column":null}},"type":"cond-expr","locations":[{"start":{"line":108,"column":26},"end":{"line":108,"column":37}},{"start":{"line":108,"column":37},"end":{"line":108,"column":null}}],"line":108},"22":{"loc":{"start":{"line":119,"column":21},"end":{"line":119,"column":null}},"type":"cond-expr","locations":[{"start":{"line":119,"column":51},"end":{"line":119,"column":63}},{"start":{"line":119,"column":63},"end":{"line":119,"column":null}}],"line":119},"23":{"loc":{"start":{"line":119,"column":21},"end":{"line":119,"column":51}},"type":"binary-expr","locations":[{"start":{"line":119,"column":21},"end":{"line":119,"column":42}},{"start":{"line":119,"column":42},"end":{"line":119,"column":51}}],"line":119},"24":{"loc":{"start":{"line":124,"column":4},"end":{"line":126,"column":null}},"type":"if","locations":[{"start":{"line":124,"column":4},"end":{"line":126,"column":null}},{"start":{},"end":{}}],"line":124},"25":{"loc":{"start":{"line":124,"column":8},"end":{"line":124,"column":49}},"type":"binary-expr","locations":[{"start":{"line":124,"column":8},"end":{"line":124,"column":22}},{"start":{"line":124,"column":22},"end":{"line":124,"column":49}}],"line":124},"26":{"loc":{"start":{"line":129,"column":4},"end":{"line":131,"column":null}},"type":"if","locations":[{"start":{"line":129,"column":4},"end":{"line":131,"column":null}},{"start":{},"end":{}}],"line":129},"27":{"loc":{"start":{"line":129,"column":8},"end":{"line":129,"column":28}},"type":"binary-expr","locations":[{"start":{"line":129,"column":8},"end":{"line":129,"column":17}},{"start":{"line":129,"column":17},"end":{"line":129,"column":28}}],"line":129},"28":{"loc":{"start":{"line":141,"column":4},"end":{"line":147,"column":null}},"type":"if","locations":[{"start":{"line":141,"column":4},"end":{"line":147,"column":null}},{"start":{"line":144,"column":11},"end":{"line":147,"column":null}}],"line":141},"29":{"loc":{"start":{"line":163,"column":30},"end":{"line":163,"column":43}},"type":"default-arg","locations":[{"start":{"line":163,"column":37},"end":{"line":163,"column":43}}],"line":163},"30":{"loc":{"start":{"line":163,"column":43},"end":{"line":163,"column":61}},"type":"default-arg","locations":[{"start":{"line":163,"column":53},"end":{"line":163,"column":61}}],"line":163},"31":{"loc":{"start":{"line":163,"column":61},"end":{"line":163,"column":79}},"type":"default-arg","locations":[{"start":{"line":163,"column":74},"end":{"line":163,"column":79}}],"line":163},"32":{"loc":{"start":{"line":169,"column":4},"end":{"line":171,"column":null}},"type":"if","locations":[{"start":{"line":169,"column":4},"end":{"line":171,"column":null}},{"start":{},"end":{}}],"line":169},"33":{"loc":{"start":{"line":179,"column":50},"end":{"line":179,"column":68}},"type":"default-arg","locations":[{"start":{"line":179,"column":60},"end":{"line":179,"column":68}}],"line":179}},"s":{"0":1,"1":1,"2":9,"3":9,"4":9,"5":9,"6":9,"7":2,"8":1,"9":1,"10":1,"11":0,"12":1,"13":1,"14":1,"15":6,"16":1,"17":5,"18":6,"19":6,"20":6,"21":1,"22":1,"23":1,"24":4,"25":0,"26":0,"27":4,"28":0,"29":0,"30":0,"31":5,"32":5,"33":3,"34":2,"35":5,"36":6,"37":0,"38":5,"39":4,"40":5,"41":0,"42":0,"43":0,"44":0,"45":2,"46":2,"47":2,"48":2,"49":1,"50":2,"51":1,"52":1},"f":{"0":9,"1":2,"2":1,"3":1,"4":1,"5":0,"6":1,"7":1,"8":6,"9":0,"10":2,"11":2,"12":2,"13":1},"b":{"0":[9],"1":[9],"2":[2],"3":[1],"4":[1],"5":[1],"6":[0],"7":[1],"8":[1],"9":[1],"10":[1,5],"11":[5,4],"12":[6,4],"13":[6,0],"14":[1,4],"15":[6,1],"16":[0,4],"17":[4,0],"18":[0,4],"19":[3,2],"20":[2,1],"21":[2,1],"22":[1,4],"23":[5,3],"24":[0,6],"25":[6,0],"26":[4,1],"27":[5,4],"28":[0,0],"29":[2],"30":[2],"31":[2],"32":[1,1],"33":[1]},"meta":{"lastBranch":34,"lastFunction":14,"lastStatement":53,"seen":{"s:6:25:6:Infinity":0,"s:8:15:8:Infinity":1,"f:14:4:14:16":0,"b:14:38:14:43":0,"b:14:50:14:68":1,"s:15:8:15:Infinity":2,"s:16:8:16:Infinity":3,"s:17:8:17:Infinity":4,"s:18:8:18:Infinity":5,"s:20:8:20:Infinity":6,"f:28:4:28:16":1,"b:28:26:28:35":2,"s:29:8:29:Infinity":7,"f:34:4:34:16":2,"b:34:26:34:36":3,"s:35:8:35:Infinity":8,"f:40:4:40:16":3,"b:40:26:40:35":4,"s:41:8:41:Infinity":9,"f:46:4:46:16":4,"b:46:26:46:34":5,"s:47:8:47:Infinity":10,"f:52:4:52:16":5,"b:52:26:52:34":6,"s:53:8:53:Infinity":11,"f:58:4:58:16":6,"b:58:26:58:36":7,"b:58:45:58:49":8,"s:59:8:59:Infinity":12,"s:60:8:60:Infinity":13,"f:65:4:65:16":7,"b:65:26:65:42":9,"s:66:8:66:Infinity":14,"f:73:9:73:22":8,"b:75:4:77:Infinity:undefined:undefined:undefined:undefined":10,"s:75:4:77:Infinity":15,"s:76:8:76:Infinity":16,"s:80:21:80:Infinity":17,"b:80:21:80:39:80:39:80:Infinity":11,"s:81:15:81:Infinity":18,"b:81:15:81:27:81:27:81:Infinity":12,"s:82:18:82:Infinity":19,"b:82:18:82:33:82:33:82:Infinity":13,"b:85:4:99:Infinity:90:4:99:Infinity":14,"s:85:4:99:Infinity":20,"b:85:8:85:38:85:38:85:58":15,"s:87:8:87:Infinity":21,"s:88:8:88:Infinity":22,"s:89:8:89:Infinity":23,"b:90:4:99:Infinity:94:4:99:Infinity":16,"s:90:4:99:Infinity":24,"b:90:15:90:49:90:49:90:61":17,"s:92:8:92:Infinity":25,"s:93:8:93:Infinity":26,"b:94:4:99:Infinity:undefined:undefined:undefined:undefined":18,"s:94:4:99:Infinity":27,"s:96:8:96:Infinity":28,"s:97:8:97:Infinity":29,"s:98:8:98:Infinity":30,"s:102:18:102:Infinity":31,"b:105:4:112:Infinity:110:11:112:Infinity":19,"s:105:4:112:Infinity":32,"s:106:8:109:Infinity":33,"b:107:27:107:39:107:39:107:Infinity":20,"b:108:26:108:37:108:37:108:Infinity":21,"s:111:8:111:Infinity":34,"s:115:21:121:Infinity":35,"b:119:51:119:63:119:63:119:Infinity":22,"b:119:21:119:42:119:42:119:51":23,"b:124:4:126:Infinity:undefined:undefined:undefined:undefined":24,"s:124:4:126:Infinity":36,"b:124:8:124:22:124:22:124:49":25,"s:125:8:125:Infinity":37,"b:129:4:131:Infinity:undefined:undefined:undefined:undefined":26,"s:129:4:131:Infinity":38,"b:129:8:129:17:129:17:129:28":27,"s:130:8:130:Infinity":39,"s:133:4:133:Infinity":40,"f:139:9:139:25":9,"b:141:4:147:Infinity:144:11:147:Infinity":28,"s:141:4:147:Infinity":41,"s:142:22:142:Infinity":42,"s:143:8:143:Infinity":43,"s:146:8:146:Infinity":44,"f:154:9:154:22":10,"s:155:4:157:Infinity":45,"f:155:11:155:12":11,"s:156:8:156:Infinity":46,"f:163:9:163:25":12,"b:163:37:163:43":29,"b:163:53:163:61":30,"b:163:74:163:79":31,"s:164:21:167:Infinity":47,"b:169:4:171:Infinity:undefined:undefined:undefined:undefined":32,"s:169:4:171:Infinity":48,"s:170:8:170:Infinity":49,"s:173:4:173:Infinity":50,"f:179:9:179:27":13,"b:179:60:179:68":33,"s:180:4:190:Infinity":51,"s:193:0:212:Infinity":52}}}
,"E:\\Code\\api-monitor\\src\\utils\\encryption.js": {"path":"E:\\Code\\api-monitor\\src\\utils\\encryption.js","statementMap":{"0":{"start":{"line":6,"column":15},"end":{"line":6,"column":32}},"1":{"start":{"line":10,"column":2},"end":{"line":10,"column":85}},"2":{"start":{"line":13,"column":12},"end":{"line":13,"column":71}},"3":{"start":{"line":21,"column":2},"end":{"line":21,"column":23}},"4":{"start":{"line":21,"column":13},"end":{"line":21,"column":23}},"5":{"start":{"line":23,"column":2},"end":{"line":42,"column":3}},"6":{"start":{"line":25,"column":15},"end":{"line":25,"column":37}},"7":{"start":{"line":28,"column":19},"end":{"line":28,"column":64}},"8":{"start":{"line":31,"column":20},"end":{"line":31,"column":54}},"9":{"start":{"line":32,"column":4},"end":{"line":32,"column":37}},"10":{"start":{"line":35,"column":20},"end":{"line":35,"column":39}},"11":{"start":{"line":38,"column":4},"end":{"line":38,"column":75}},"12":{"start":{"line":40,"column":4},"end":{"line":40,"column":34}},"13":{"start":{"line":41,"column":4},"end":{"line":41,"column":28}},"14":{"start":{"line":51,"column":2},"end":{"line":51,"column":32}},"15":{"start":{"line":51,"column":22},"end":{"line":51,"column":32}},"16":{"start":{"line":53,"column":2},"end":{"line":76,"column":3}},"17":{"start":{"line":55,"column":18},"end":{"line":55,"column":42}},"18":{"start":{"line":56,"column":4},"end":{"line":58,"column":5}},"19":{"start":{"line":57,"column":6},"end":{"line":57,"column":34}},"20":{"start":{"line":60,"column":15},"end":{"line":60,"column":43}},"21":{"start":{"line":61,"column":20},"end":{"line":61,"column":48}},"22":{"start":{"line":62,"column":22},"end":{"line":62,"column":30}},"23":{"start":{"line":65,"column":21},"end":{"line":65,"column":68}},"24":{"start":{"line":66,"column":4},"end":{"line":66,"column":33}},"25":{"start":{"line":69,"column":20},"end":{"line":69,"column":61}},"26":{"start":{"line":70,"column":4},"end":{"line":70,"column":40}},"27":{"start":{"line":72,"column":4},"end":{"line":72,"column":21}},"28":{"start":{"line":74,"column":4},"end":{"line":74,"column":34}},"29":{"start":{"line":75,"column":4},"end":{"line":75,"column":28}},"30":{"start":{"line":83,"column":19},"end":{"line":83,"column":44}},"31":{"start":{"line":84,"column":2},"end":{"line":84,"column":33}},"32":{"start":{"line":86,"column":20},"end":{"line":86,"column":37}},"33":{"start":{"line":87,"column":2},"end":{"line":87,"column":33}},"34":{"start":{"line":89,"column":20},"end":{"line":89,"column":38}},"35":{"start":{"line":90,"column":2},"end":{"line":90,"column":33}},"36":{"start":{"line":92,"column":2},"end":{"line":92,"column":65}},"37":{"start":{"line":95,"column":0},"end":{"line":99,"column":2}},"38":{"start":{"line":102,"column":0},"end":{"line":104,"column":1}},"39":{"start":{"line":103,"column":2},"end":{"line":103,"column":9}}},"fnMap":{"0":{"name":"encrypt","decl":{"start":{"line":20,"column":9},"end":{"line":20,"column":16}},"loc":{"start":{"line":20,"column":23},"end":{"line":43,"column":1}},"line":20},"1":{"name":"decrypt","decl":{"start":{"line":50,"column":9},"end":{"line":50,"column":16}},"loc":{"start":{"line":50,"column":32},"end":{"line":77,"column":1}},"line":50},"2":{"name":"test","decl":{"start":{"line":82,"column":9},"end":{"line":82,"column":13}},"loc":{"start":{"line":82,"column":16},"end":{"line":93,"column":1}},"line":82}},"branchMap":{"0":{"loc":{"start":{"line":10,"column":2},"end":{"line":10,"column":85}},"type":"binary-expr","locations":[{"start":{"line":10,"column":2},"end":{"line":10,"column":28}},{"start":{"line":10,"column":32},"end":{"line":10,"column":85}}],"line":10},"1":{"loc":{"start":{"line":21,"column":2},"end":{"line":21,"column":23}},"type":"if","locations":[{"start":{"line":21,"column":2},"end":{"line":21,"column":23}},{"start":{},"end":{}}],"line":21},"2":{"loc":{"start":{"line":51,"column":2},"end":{"line":51,"column":32}},"type":"if","locations":[{"start":{"line":51,"column":2},"end":{"line":51,"column":32}},{"start":{},"end":{}}],"line":51},"3":{"loc":{"start":{"line":56,"column":4},"end":{"line":58,"column":5}},"type":"if","locations":[{"start":{"line":56,"column":4},"end":{"line":58,"column":5}},{"start":{},"end":{}}],"line":56},"4":{"loc":{"start":{"line":92,"column":23},"end":{"line":92,"column":63}},"type":"cond-expr","locations":[{"start":{"line":92,"column":48},"end":{"line":92,"column":54}},{"start":{"line":92,"column":57},"end":{"line":92,"column":63}}],"line":92},"5":{"loc":{"start":{"line":102,"column":0},"end":{"line":104,"column":1}},"type":"if","locations":[{"start":{"line":102,"column":0},"end":{"line":104,"column":1}},{"start":{},"end":{}}],"line":102}},"s":{"0":1,"1":1,"2":1,"3":18,"4":3,"5":15,"6":15,"7":15,"8":15,"9":15,"10":15,"11":15,"12":0,"13":0,"14":15,"15":3,"16":12,"17":12,"18":12,"19":2,"20":10,"21":10,"22":10,"23":10,"24":10,"25":10,"26":10,"27":10,"28":3,"29":3,"30":0,"31":0,"32":0,"33":0,"34":0,"35":0,"36":0,"37":1,"38":1,"39":0},"f":{"0":18,"1":15,"2":0},"b":{"0":[1,0],"1":[3,15],"2":[3,12],"3":[2,10],"4":[0,0],"5":[0,1]},"meta":{"lastBranch":6,"lastFunction":3,"lastStatement":40,"seen":{"s:6:15:6:32":0,"s:10:2:10:85":1,"b:10:2:10:28:10:32:10:85":0,"s:13:12:13:71":2,"f:20:9:20:16":0,"b:21:2:21:23:undefined:undefined:undefined:undefined":1,"s:21:2:21:23":3,"s:21:13:21:23":4,"s:23:2:42:3":5,"s:25:15:25:37":6,"s:28:19:28:64":7,"s:31:20:31:54":8,"s:32:4:32:37":9,"s:35:20:35:39":10,"s:38:4:38:75":11,"s:40:4:40:34":12,"s:41:4:41:28":13,"f:50:9:50:16":1,"b:51:2:51:32:undefined:undefined:undefined:undefined":2,"s:51:2:51:32":14,"s:51:22:51:32":15,"s:53:2:76:3":16,"s:55:18:55:42":17,"b:56:4:58:5:undefined:undefined:undefined:undefined":3,"s:56:4:58:5":18,"s:57:6:57:34":19,"s:60:15:60:43":20,"s:61:20:61:48":21,"s:62:22:62:30":22,"s:65:21:65:68":23,"s:66:4:66:33":24,"s:69:20:69:61":25,"s:70:4:70:40":26,"s:72:4:72:21":27,"s:74:4:74:34":28,"s:75:4:75:28":29,"f:82:9:82:13":2,"s:83:19:83:44":30,"s:84:2:84:33":31,"s:86:20:86:37":32,"s:87:2:87:33":33,"s:89:20:89:38":34,"s:90:2:90:33":35,"s:92:2:92:65":36,"b:92:48:92:54:92:57:92:63":4,"s:95:0:99:2":37,"b:102:0:104:1:undefined:undefined:undefined:undefined":5,"s:102:0:104:1":38,"s:103:2:103:9":39}}}
,"E:\\Code\\api-monitor\\src\\utils\\logger.js": {"path":"E:\\Code\\api-monitor\\src\\utils\\logger.js","statementMap":{"0":{"start":{"line":6,"column":14},"end":{"line":6,"column":30}},"1":{"start":{"line":7,"column":11},"end":{"line":7,"column":24}},"2":{"start":{"line":8,"column":13},"end":{"line":8,"column":28}},"3":{"start":{"line":9,"column":21},"end":{"line":9,"column":38}},"4":{"start":{"line":10,"column":30},"end":{"line":10,"column":52}},"5":{"start":{"line":13,"column":26},"end":{"line":13,"column":49}},"6":{"start":{"line":17,"column":19},"end":{"line":17,"column":35}},"7":{"start":{"line":20,"column":24},"end":{"line":20,"column":27}},"8":{"start":{"line":21,"column":0},"end":{"line":23,"column":1}},"9":{"start":{"line":22,"column":2},"end":{"line":22,"column":29}},"10":{"start":{"line":24,"column":18},"end":{"line":24,"column":39}},"11":{"start":{"line":27,"column":0},"end":{"line":31,"column":1}},"12":{"start":{"line":28,"column":2},"end":{"line":30,"column":4}},"13":{"start":{"line":32,"column":18},"end":{"line":32,"column":39}},"14":{"start":{"line":35,"column":16},"end":{"line":35,"column":56}},"15":{"start":{"line":36,"column":0},"end":{"line":38,"column":1}},"16":{"start":{"line":37,"column":2},"end":{"line":37,"column":45}},"17":{"start":{"line":40,"column":17},"end":{"line":40,"column":46}},"18":{"start":{"line":43,"column":16},"end":{"line":43,"column":80}},"19":{"start":{"line":49,"column":2},"end":{"line":49,"column":26}},"20":{"start":{"line":56,"column":2},"end":{"line":58,"column":3}},"21":{"start":{"line":57,"column":4},"end":{"line":57,"column":80}},"22":{"start":{"line":59,"column":2},"end":{"line":59,"column":24}},"23":{"start":{"line":66,"column":2},"end":{"line":94,"column":3}},"24":{"start":{"line":67,"column":4},"end":{"line":77,"column":5}},"25":{"start":{"line":68,"column":20},"end":{"line":68,"column":41}},"26":{"start":{"line":69,"column":6},"end":{"line":76,"column":8}},"27":{"start":{"line":78,"column":4},"end":{"line":84,"column":6}},"28":{"start":{"line":86,"column":4},"end":{"line":93,"column":6}},"29":{"start":{"line":101,"column":2},"end":{"line":110,"column":3}},"30":{"start":{"line":102,"column":4},"end":{"line":102,"column":20}},"31":{"start":{"line":103,"column":4},"end":{"line":103,"column":43}},"32":{"start":{"line":104,"column":4},"end":{"line":104,"column":81}},"33":{"start":{"line":105,"column":4},"end":{"line":105,"column":31}},"34":{"start":{"line":106,"column":4},"end":{"line":106,"column":16}},"35":{"start":{"line":108,"column":4},"end":{"line":108,"column":50}},"36":{"start":{"line":109,"column":4},"end":{"line":109,"column":17}},"37":{"start":{"line":117,"column":2},"end":{"line":128,"column":16}},"38":{"start":{"line":118,"column":4},"end":{"line":127,"column":5}},"39":{"start":{"line":119,"column":20},"end":{"line":119,"column":41}},"40":{"start":{"line":120,"column":22},"end":{"line":120,"column":59}},"41":{"start":{"line":121,"column":6},"end":{"line":126,"column":7}},"42":{"start":{"line":122,"column":8},"end":{"line":124,"column":10}},"43":{"start":{"line":125,"column":8},"end":{"line":125,"column":23}},"44":{"start":{"line":132,"column":19},"end":{"line":139,"column":1}},"45":{"start":{"line":142,"column":21},"end":{"line":142,"column":88}},"46":{"start":{"line":145,"column":17},"end":{"line":145,"column":45}},"47":{"start":{"line":149,"column":2},"end":{"line":149,"column":34}},"48":{"start":{"line":153,"column":14},"end":{"line":153,"column":33}},"49":{"start":{"line":154,"column":16},"end":{"line":154,"column":55}},"50":{"start":{"line":155,"column":18},"end":{"line":155,"column":59}},"51":{"start":{"line":156,"column":18},"end":{"line":156,"column":59}},"52":{"start":{"line":157,"column":13},"end":{"line":157,"column":59}},"53":{"start":{"line":158,"column":2},"end":{"line":158,"column":48}},"54":{"start":{"line":163,"column":2},"end":{"line":163,"column":25}},"55":{"start":{"line":163,"column":13},"end":{"line":163,"column":25}},"56":{"start":{"line":165,"column":2},"end":{"line":171,"column":3}},"57":{"start":{"line":167,"column":4},"end":{"line":170,"column":6}},"58":{"start":{"line":173,"column":2},"end":{"line":200,"column":3}},"59":{"start":{"line":175,"column":4},"end":{"line":199,"column":5}},"60":{"start":{"line":176,"column":21},"end":{"line":176,"column":50}},"61":{"start":{"line":177,"column":6},"end":{"line":195,"column":7}},"62":{"start":{"line":178,"column":8},"end":{"line":194,"column":9}},"63":{"start":{"line":179,"column":27},"end":{"line":179,"column":44}},"64":{"start":{"line":181,"column":12},"end":{"line":185,"column":43}},"65":{"start":{"line":187,"column":10},"end":{"line":193,"column":11}},"66":{"start":{"line":188,"column":12},"end":{"line":188,"column":35}},"67":{"start":{"line":189,"column":17},"end":{"line":193,"column":11}},"68":{"start":{"line":190,"column":12},"end":{"line":190,"column":55}},"69":{"start":{"line":192,"column":12},"end":{"line":192,"column":36}},"70":{"start":{"line":196,"column":6},"end":{"line":196,"column":20}},"71":{"start":{"line":198,"column":6},"end":{"line":198,"column":40}},"72":{"start":{"line":202,"column":2},"end":{"line":202,"column":14}},"73":{"start":{"line":209,"column":2},"end":{"line":209,"column":47}},"74":{"start":{"line":209,"column":40},"end":{"line":209,"column":47}},"75":{"start":{"line":211,"column":20},"end":{"line":211,"column":34}},"76":{"start":{"line":212,"column":18},"end":{"line":212,"column":52}},"77":{"start":{"line":213,"column":18},"end":{"line":213,"column":39}},"78":{"start":{"line":216,"column":24},"end":{"line":216,"column":50}},"79":{"start":{"line":217,"column":21},"end":{"line":217,"column":44}},"80":{"start":{"line":220,"column":2},"end":{"line":220,"column":25}},"81":{"start":{"line":223,"column":2},"end":{"line":223,"column":79}},"82":{"start":{"line":226,"column":19},"end":{"line":233,"column":3}},"83":{"start":{"line":236,"column":2},"end":{"line":236,"column":27}},"84":{"start":{"line":237,"column":2},"end":{"line":239,"column":3}},"85":{"start":{"line":238,"column":4},"end":{"line":238,"column":22}},"86":{"start":{"line":242,"column":18},"end":{"line":242,"column":49}},"87":{"start":{"line":243,"column":2},"end":{"line":243,"column":27}},"88":{"start":{"line":246,"column":2},"end":{"line":246,"column":35}},"89":{"start":{"line":250,"column":2},"end":{"line":250,"column":31}},"90":{"start":{"line":250,"column":17},"end":{"line":250,"column":31}},"91":{"start":{"line":250,"column":29},"end":{"line":250,"column":30}},"92":{"start":{"line":251,"column":14},"end":{"line":251,"column":46}},"93":{"start":{"line":254,"column":2},"end":{"line":254,"column":53}},"94":{"start":{"line":254,"column":34},"end":{"line":254,"column":53}},"95":{"start":{"line":255,"column":2},"end":{"line":255,"column":51}},"96":{"start":{"line":255,"column":27},"end":{"line":255,"column":51}},"97":{"start":{"line":256,"column":2},"end":{"line":256,"column":72}},"98":{"start":{"line":256,"column":54},"end":{"line":256,"column":72}},"99":{"start":{"line":257,"column":2},"end":{"line":257,"column":55}},"100":{"start":{"line":257,"column":34},"end":{"line":257,"column":55}},"101":{"start":{"line":258,"column":2},"end":{"line":258,"column":54}},"102":{"start":{"line":258,"column":30},"end":{"line":258,"column":54}},"103":{"start":{"line":259,"column":2},"end":{"line":259,"column":55}},"104":{"start":{"line":259,"column":30},"end":{"line":259,"column":55}},"105":{"start":{"line":260,"column":2},"end":{"line":260,"column":92}},"106":{"start":{"line":260,"column":56},"end":{"line":260,"column":92}},"107":{"start":{"line":261,"column":2},"end":{"line":261,"column":51}},"108":{"start":{"line":261,"column":28},"end":{"line":261,"column":51}},"109":{"start":{"line":262,"column":2},"end":{"line":262,"column":74}},"110":{"start":{"line":262,"column":54},"end":{"line":262,"column":74}},"111":{"start":{"line":263,"column":2},"end":{"line":263,"column":46}},"112":{"start":{"line":263,"column":28},"end":{"line":263,"column":46}},"113":{"start":{"line":264,"column":2},"end":{"line":264,"column":54}},"114":{"start":{"line":264,"column":27},"end":{"line":264,"column":54}},"115":{"start":{"line":265,"column":2},"end":{"line":265,"column":49}},"116":{"start":{"line":265,"column":31},"end":{"line":265,"column":49}},"117":{"start":{"line":267,"column":2},"end":{"line":267,"column":26}},"118":{"start":{"line":271,"column":22},"end":{"line":277,"column":3}},"119":{"start":{"line":272,"column":40},"end":{"line":272,"column":41}},"120":{"start":{"line":273,"column":39},"end":{"line":273,"column":40}},"121":{"start":{"line":274,"column":41},"end":{"line":274,"column":42}},"122":{"start":{"line":275,"column":39},"end":{"line":275,"column":40}},"123":{"start":{"line":276,"column":52},"end":{"line":276,"column":53}},"124":{"start":{"line":279,"column":18},"end":{"line":279,"column":48}},"125":{"start":{"line":279,"column":46},"end":{"line":279,"column":47}},"126":{"start":{"line":280,"column":22},"end":{"line":280,"column":55}},"127":{"start":{"line":283,"column":21},"end":{"line":283,"column":22}},"128":{"start":{"line":284,"column":19},"end":{"line":284,"column":21}},"129":{"start":{"line":285,"column":20},"end":{"line":285,"column":21}},"130":{"start":{"line":286,"column":21},"end":{"line":286,"column":23}},"131":{"start":{"line":289,"column":17},"end":{"line":289,"column":91}},"132":{"start":{"line":292,"column":18},"end":{"line":294,"column":34}},"133":{"start":{"line":297,"column":19},"end":{"line":297,"column":51}},"134":{"start":{"line":300,"column":20},"end":{"line":300,"column":55}},"135":{"start":{"line":301,"column":26},"end":{"line":301,"column":61}},"136":{"start":{"line":302,"column":24},"end":{"line":302,"column":46}},"137":{"start":{"line":303,"column":20},"end":{"line":303,"column":50}},"138":{"start":{"line":306,"column":17},"end":{"line":306,"column":75}},"139":{"start":{"line":307,"column":2},"end":{"line":307,"column":22}},"140":{"start":{"line":309,"column":2},"end":{"line":324,"column":3}},"141":{"start":{"line":310,"column":19},"end":{"line":310,"column":81}},"142":{"start":{"line":311,"column":4},"end":{"line":323,"column":5}},"143":{"start":{"line":312,"column":6},"end":{"line":320,"column":7}},"144":{"start":{"line":313,"column":21},"end":{"line":316,"column":21}},"145":{"start":{"line":315,"column":23},"end":{"line":315,"column":36}},"146":{"start":{"line":317,"column":8},"end":{"line":317,"column":35}},"147":{"start":{"line":319,"column":8},"end":{"line":319,"column":56}},"148":{"start":{"line":322,"column":6},"end":{"line":322,"column":42}},"149":{"start":{"line":331,"column":2},"end":{"line":363,"column":4}},"150":{"start":{"line":332,"column":30},"end":{"line":332,"column":69}},"151":{"start":{"line":333,"column":29},"end":{"line":333,"column":67}},"152":{"start":{"line":334,"column":29},"end":{"line":334,"column":67}},"153":{"start":{"line":335,"column":30},"end":{"line":335,"column":69}},"154":{"start":{"line":336,"column":30},"end":{"line":336,"column":69}},"155":{"start":{"line":339,"column":18},"end":{"line":339,"column":73}},"156":{"start":{"line":340,"column":6},"end":{"line":340,"column":41}},"157":{"start":{"line":344,"column":18},"end":{"line":344,"column":72}},"158":{"start":{"line":345,"column":6},"end":{"line":345,"column":35}},"159":{"start":{"line":349,"column":18},"end":{"line":349,"column":73}},"160":{"start":{"line":350,"column":6},"end":{"line":350,"column":41}},"161":{"start":{"line":355,"column":18},"end":{"line":355,"column":54}},"162":{"start":{"line":356,"column":6},"end":{"line":356,"column":35}},"163":{"start":{"line":360,"column":18},"end":{"line":360,"column":34}},"164":{"start":{"line":361,"column":6},"end":{"line":361,"column":41}},"165":{"start":{"line":366,"column":21},"end":{"line":366,"column":37}},"166":{"start":{"line":368,"column":0},"end":{"line":381,"column":2}},"167":{"start":{"line":372,"column":19},"end":{"line":372,"column":46}}},"fnMap":{"0":{"name":"getLogConfig","decl":{"start":{"line":48,"column":9},"end":{"line":48,"column":21}},"loc":{"start":{"line":48,"column":24},"end":{"line":50,"column":1}},"line":48},"1":{"name":"updateLogConfig","decl":{"start":{"line":55,"column":9},"end":{"line":55,"column":24}},"loc":{"start":{"line":55,"column":33},"end":{"line":60,"column":1}},"line":55},"2":{"name":"getLogFileInfo","decl":{"start":{"line":65,"column":9},"end":{"line":65,"column":23}},"loc":{"start":{"line":65,"column":26},"end":{"line":95,"column":1}},"line":65},"3":{"name":"clearLogFile","decl":{"start":{"line":100,"column":9},"end":{"line":100,"column":21}},"loc":{"start":{"line":100,"column":24},"end":{"line":111,"column":1}},"line":100},"4":{"name":"checkSizeAndRotation","decl":{"start":{"line":116,"column":9},"end":{"line":116,"column":29}},"loc":{"start":{"line":116,"column":32},"end":{"line":129,"column":1}},"line":116},"5":{"name":"getTimestamp","decl":{"start":{"line":148,"column":9},"end":{"line":148,"column":21}},"loc":{"start":{"line":148,"column":24},"end":{"line":150,"column":1}},"line":148},"6":{"name":"formatDisplayTimestamp","decl":{"start":{"line":152,"column":9},"end":{"line":152,"column":31}},"loc":{"start":{"line":152,"column":43},"end":{"line":159,"column":1}},"line":152},"7":{"name":"maskSensitiveInfo","decl":{"start":{"line":162,"column":9},"end":{"line":162,"column":26}},"loc":{"start":{"line":162,"column":33},"end":{"line":203,"column":1}},"line":162},"8":{"name":"log","decl":{"start":{"line":208,"column":9},"end":{"line":208,"column":12}},"loc":{"start":{"line":208,"column":43},"end":{"line":247,"column":1}},"line":208},"9":{"name":"getModuleColor","decl":{"start":{"line":249,"column":9},"end":{"line":249,"column":23}},"loc":{"start":{"line":249,"column":32},"end":{"line":268,"column":1}},"line":249},"10":{"name":"(anonymous_10)","decl":{"start":{"line":250,"column":24},"end":{"line":250,"column":25}},"loc":{"start":{"line":250,"column":29},"end":{"line":250,"column":30}},"line":250},"11":{"name":"renderTerminal","decl":{"start":{"line":270,"column":9},"end":{"line":270,"column":23}},"loc":{"start":{"line":270,"column":74},"end":{"line":325,"column":1}},"line":270},"12":{"name":"(anonymous_12)","decl":{"start":{"line":272,"column":35},"end":{"line":272,"column":36}},"loc":{"start":{"line":272,"column":40},"end":{"line":272,"column":41}},"line":272},"13":{"name":"(anonymous_13)","decl":{"start":{"line":273,"column":34},"end":{"line":273,"column":35}},"loc":{"start":{"line":273,"column":39},"end":{"line":273,"column":40}},"line":273},"14":{"name":"(anonymous_14)","decl":{"start":{"line":274,"column":36},"end":{"line":274,"column":37}},"loc":{"start":{"line":274,"column":41},"end":{"line":274,"column":42}},"line":274},"15":{"name":"(anonymous_15)","decl":{"start":{"line":275,"column":34},"end":{"line":275,"column":35}},"loc":{"start":{"line":275,"column":39},"end":{"line":275,"column":40}},"line":275},"16":{"name":"(anonymous_16)","decl":{"start":{"line":276,"column":47},"end":{"line":276,"column":48}},"loc":{"start":{"line":276,"column":52},"end":{"line":276,"column":53}},"line":276},"17":{"name":"(anonymous_17)","decl":{"start":{"line":279,"column":41},"end":{"line":279,"column":42}},"loc":{"start":{"line":279,"column":46},"end":{"line":279,"column":47}},"line":279},"18":{"name":"(anonymous_18)","decl":{"start":{"line":315,"column":15},"end":{"line":315,"column":19}},"loc":{"start":{"line":315,"column":23},"end":{"line":315,"column":36}},"line":315},"19":{"name":"createLogger","decl":{"start":{"line":330,"column":9},"end":{"line":330,"column":21}},"loc":{"start":{"line":330,"column":34},"end":{"line":364,"column":1}},"line":330},"20":{"name":"(anonymous_20)","decl":{"start":{"line":332,"column":11},"end":{"line":332,"column":12}},"loc":{"start":{"line":332,"column":30},"end":{"line":332,"column":69}},"line":332},"21":{"name":"(anonymous_21)","decl":{"start":{"line":333,"column":10},"end":{"line":333,"column":11}},"loc":{"start":{"line":333,"column":29},"end":{"line":333,"column":67}},"line":333},"22":{"name":"(anonymous_22)","decl":{"start":{"line":334,"column":10},"end":{"line":334,"column":11}},"loc":{"start":{"line":334,"column":29},"end":{"line":334,"column":67}},"line":334},"23":{"name":"(anonymous_23)","decl":{"start":{"line":335,"column":11},"end":{"line":335,"column":12}},"loc":{"start":{"line":335,"column":30},"end":{"line":335,"column":69}},"line":335},"24":{"name":"(anonymous_24)","decl":{"start":{"line":336,"column":11},"end":{"line":336,"column":12}},"loc":{"start":{"line":336,"column":30},"end":{"line":336,"column":69}},"line":336},"25":{"name":"(anonymous_25)","decl":{"start":{"line":338,"column":13},"end":{"line":338,"column":14}},"loc":{"start":{"line":338,"column":32},"end":{"line":341,"column":5}},"line":338},"26":{"name":"(anonymous_26)","decl":{"start":{"line":343,"column":11},"end":{"line":343,"column":18}},"loc":{"start":{"line":343,"column":22},"end":{"line":346,"column":5}},"line":343},"27":{"name":"(anonymous_27)","decl":{"start":{"line":348,"column":14},"end":{"line":348,"column":15}},"loc":{"start":{"line":348,"column":33},"end":{"line":351,"column":5}},"line":348},"28":{"name":"(anonymous_28)","decl":{"start":{"line":354,"column":11},"end":{"line":354,"column":16}},"loc":{"start":{"line":354,"column":20},"end":{"line":357,"column":5}},"line":354},"29":{"name":"(anonymous_29)","decl":{"start":{"line":359,"column":15},"end":{"line":359,"column":16}},"loc":{"start":{"line":359,"column":34},"end":{"line":362,"column":5}},"line":359},"30":{"name":"(anonymous_30)","decl":{"start":{"line":372,"column":13},"end":{"line":372,"column":14}},"loc":{"start":{"line":372,"column":19},"end":{"line":372,"column":46}},"line":372}},"branchMap":{"0":{"loc":{"start":{"line":21,"column":0},"end":{"line":23,"column":1}},"type":"if","locations":[{"start":{"line":21,"column":0},"end":{"line":23,"column":1}},{"start":{},"end":{}}],"line":21},"1":{"loc":{"start":{"line":27,"column":0},"end":{"line":31,"column":1}},"type":"if","locations":[{"start":{"line":27,"column":0},"end":{"line":31,"column":1}},{"start":{},"end":{}}],"line":27},"2":{"loc":{"start":{"line":36,"column":0},"end":{"line":38,"column":1}},"type":"if","locations":[{"start":{"line":36,"column":0},"end":{"line":38,"column":1}},{"start":{},"end":{}}],"line":36},"3":{"loc":{"start":{"line":56,"column":2},"end":{"line":58,"column":3}},"type":"if","locations":[{"start":{"line":56,"column":2},"end":{"line":58,"column":3}},{"start":{},"end":{}}],"line":56},"4":{"loc":{"start":{"line":57,"column":42},"end":{"line":57,"column":78}},"type":"binary-expr","locations":[{"start":{"line":57,"column":42},"end":{"line":57,"column":72}},{"start":{"line":57,"column":76},"end":{"line":57,"column":78}}],"line":57},"5":{"loc":{"start":{"line":67,"column":4},"end":{"line":77,"column":5}},"type":"if","locations":[{"start":{"line":67,"column":4},"end":{"line":77,"column":5}},{"start":{},"end":{}}],"line":67},"6":{"loc":{"start":{"line":118,"column":4},"end":{"line":127,"column":5}},"type":"if","locations":[{"start":{"line":118,"column":4},"end":{"line":127,"column":5}},{"start":{},"end":{}}],"line":118},"7":{"loc":{"start":{"line":121,"column":6},"end":{"line":126,"column":7}},"type":"if","locations":[{"start":{"line":121,"column":6},"end":{"line":126,"column":7}},{"start":{},"end":{}}],"line":121},"8":{"loc":{"start":{"line":121,"column":10},"end":{"line":121,"column":45}},"type":"binary-expr","locations":[{"start":{"line":121,"column":10},"end":{"line":121,"column":21}},{"start":{"line":121,"column":25},"end":{"line":121,"column":45}}],"line":121},"9":{"loc":{"start":{"line":142,"column":21},"end":{"line":142,"column":88}},"type":"binary-expr","locations":[{"start":{"line":142,"column":21},"end":{"line":142,"column":69}},{"start":{"line":142,"column":73},"end":{"line":142,"column":88}}],"line":142},"10":{"loc":{"start":{"line":163,"column":2},"end":{"line":163,"column":25}},"type":"if","locations":[{"start":{"line":163,"column":2},"end":{"line":163,"column":25}},{"start":{},"end":{}}],"line":163},"11":{"loc":{"start":{"line":165,"column":2},"end":{"line":171,"column":3}},"type":"if","locations":[{"start":{"line":165,"column":2},"end":{"line":171,"column":3}},{"start":{},"end":{}}],"line":165},"12":{"loc":{"start":{"line":173,"column":2},"end":{"line":200,"column":3}},"type":"if","locations":[{"start":{"line":173,"column":2},"end":{"line":200,"column":3}},{"start":{},"end":{}}],"line":173},"13":{"loc":{"start":{"line":173,"column":6},"end":{"line":173,"column":47}},"type":"binary-expr","locations":[{"start":{"line":173,"column":6},"end":{"line":173,"column":30}},{"start":{"line":173,"column":34},"end":{"line":173,"column":47}}],"line":173},"14":{"loc":{"start":{"line":176,"column":21},"end":{"line":176,"column":50}},"type":"cond-expr","locations":[{"start":{"line":176,"column":43},"end":{"line":176,"column":45}},{"start":{"line":176,"column":48},"end":{"line":176,"column":50}}],"line":176},"15":{"loc":{"start":{"line":178,"column":8},"end":{"line":194,"column":9}},"type":"if","locations":[{"start":{"line":178,"column":8},"end":{"line":194,"column":9}},{"start":{},"end":{}}],"line":178},"16":{"loc":{"start":{"line":181,"column":12},"end":{"line":185,"column":43}},"type":"binary-expr","locations":[{"start":{"line":181,"column":12},"end":{"line":181,"column":38}},{"start":{"line":182,"column":12},"end":{"line":182,"column":41}},{"start":{"line":183,"column":12},"end":{"line":183,"column":36}},{"start":{"line":184,"column":12},"end":{"line":184,"column":39}},{"start":{"line":185,"column":12},"end":{"line":185,"column":43}}],"line":181},"17":{"loc":{"start":{"line":187,"column":10},"end":{"line":193,"column":11}},"type":"if","locations":[{"start":{"line":187,"column":10},"end":{"line":193,"column":11}},{"start":{"line":189,"column":17},"end":{"line":193,"column":11}}],"line":187},"18":{"loc":{"start":{"line":189,"column":17},"end":{"line":193,"column":11}},"type":"if","locations":[{"start":{"line":189,"column":17},"end":{"line":193,"column":11}},{"start":{"line":191,"column":17},"end":{"line":193,"column":11}}],"line":189},"19":{"loc":{"start":{"line":209,"column":2},"end":{"line":209,"column":47}},"type":"if","locations":[{"start":{"line":209,"column":2},"end":{"line":209,"column":47}},{"start":{},"end":{}}],"line":209},"20":{"loc":{"start":{"line":212,"column":18},"end":{"line":212,"column":52}},"type":"binary-expr","locations":[{"start":{"line":212,"column":18},"end":{"line":212,"column":46}},{"start":{"line":212,"column":50},"end":{"line":212,"column":52}}],"line":212},"21":{"loc":{"start":{"line":213,"column":18},"end":{"line":213,"column":39}},"type":"binary-expr","locations":[{"start":{"line":213,"column":18},"end":{"line":213,"column":33}},{"start":{"line":213,"column":37},"end":{"line":213,"column":39}}],"line":213},"22":{"loc":{"start":{"line":230,"column":12},"end":{"line":230,"column":28}},"type":"binary-expr","locations":[{"start":{"line":230,"column":12},"end":{"line":230,"column":18}},{"start":{"line":230,"column":22},"end":{"line":230,"column":28}}],"line":230},"23":{"loc":{"start":{"line":237,"column":2},"end":{"line":239,"column":3}},"type":"if","locations":[{"start":{"line":237,"column":2},"end":{"line":239,"column":3}},{"start":{},"end":{}}],"line":237},"24":{"loc":{"start":{"line":250,"column":2},"end":{"line":250,"column":31}},"type":"if","locations":[{"start":{"line":250,"column":2},"end":{"line":250,"column":31}},{"start":{},"end":{}}],"line":250},"25":{"loc":{"start":{"line":251,"column":15},"end":{"line":251,"column":31}},"type":"binary-expr","locations":[{"start":{"line":251,"column":15},"end":{"line":251,"column":21}},{"start":{"line":251,"column":25},"end":{"line":251,"column":31}}],"line":251},"26":{"loc":{"start":{"line":254,"column":2},"end":{"line":254,"column":53}},"type":"if","locations":[{"start":{"line":254,"column":2},"end":{"line":254,"column":53}},{"start":{},"end":{}}],"line":254},"27":{"loc":{"start":{"line":255,"column":2},"end":{"line":255,"column":51}},"type":"if","locations":[{"start":{"line":255,"column":2},"end":{"line":255,"column":51}},{"start":{},"end":{}}],"line":255},"28":{"loc":{"start":{"line":256,"column":2},"end":{"line":256,"column":72}},"type":"if","locations":[{"start":{"line":256,"column":2},"end":{"line":256,"column":72}},{"start":{},"end":{}}],"line":256},"29":{"loc":{"start":{"line":256,"column":6},"end":{"line":256,"column":52}},"type":"binary-expr","locations":[{"start":{"line":256,"column":6},"end":{"line":256,"column":28}},{"start":{"line":256,"column":32},"end":{"line":256,"column":52}}],"line":256},"30":{"loc":{"start":{"line":257,"column":2},"end":{"line":257,"column":55}},"type":"if","locations":[{"start":{"line":257,"column":2},"end":{"line":257,"column":55}},{"start":{},"end":{}}],"line":257},"31":{"loc":{"start":{"line":258,"column":2},"end":{"line":258,"column":54}},"type":"if","locations":[{"start":{"line":258,"column":2},"end":{"line":258,"column":54}},{"start":{},"end":{}}],"line":258},"32":{"loc":{"start":{"line":259,"column":2},"end":{"line":259,"column":55}},"type":"if","locations":[{"start":{"line":259,"column":2},"end":{"line":259,"column":55}},{"start":{},"end":{}}],"line":259},"33":{"loc":{"start":{"line":260,"column":2},"end":{"line":260,"column":92}},"type":"if","locations":[{"start":{"line":260,"column":2},"end":{"line":260,"column":92}},{"start":{},"end":{}}],"line":260},"34":{"loc":{"start":{"line":260,"column":6},"end":{"line":260,"column":54}},"type":"binary-expr","locations":[{"start":{"line":260,"column":6},"end":{"line":260,"column":25}},{"start":{"line":260,"column":29},"end":{"line":260,"column":54}}],"line":260},"35":{"loc":{"start":{"line":260,"column":63},"end":{"line":260,"column":91}},"type":"binary-expr","locations":[{"start":{"line":260,"column":63},"end":{"line":260,"column":75}},{"start":{"line":260,"column":79},"end":{"line":260,"column":91}}],"line":260},"36":{"loc":{"start":{"line":261,"column":2},"end":{"line":261,"column":51}},"type":"if","locations":[{"start":{"line":261,"column":2},"end":{"line":261,"column":51}},{"start":{},"end":{}}],"line":261},"37":{"loc":{"start":{"line":262,"column":2},"end":{"line":262,"column":74}},"type":"if","locations":[{"start":{"line":262,"column":2},"end":{"line":262,"column":74}},{"start":{},"end":{}}],"line":262},"38":{"loc":{"start":{"line":262,"column":6},"end":{"line":262,"column":52}},"type":"binary-expr","locations":[{"start":{"line":262,"column":6},"end":{"line":262,"column":30}},{"start":{"line":262,"column":34},"end":{"line":262,"column":52}}],"line":262},"39":{"loc":{"start":{"line":263,"column":2},"end":{"line":263,"column":46}},"type":"if","locations":[{"start":{"line":263,"column":2},"end":{"line":263,"column":46}},{"start":{},"end":{}}],"line":263},"40":{"loc":{"start":{"line":264,"column":2},"end":{"line":264,"column":54}},"type":"if","locations":[{"start":{"line":264,"column":2},"end":{"line":264,"column":54}},{"start":{},"end":{}}],"line":264},"41":{"loc":{"start":{"line":265,"column":2},"end":{"line":265,"column":49}},"type":"if","locations":[{"start":{"line":265,"column":2},"end":{"line":265,"column":49}},{"start":{},"end":{}}],"line":265},"42":{"loc":{"start":{"line":272,"column":11},"end":{"line":272,"column":41}},"type":"cond-expr","locations":[{"start":{"line":272,"column":22},"end":{"line":272,"column":32}},{"start":{"line":272,"column":35},"end":{"line":272,"column":41}}],"line":272},"43":{"loc":{"start":{"line":273,"column":10},"end":{"line":273,"column":40}},"type":"cond-expr","locations":[{"start":{"line":273,"column":21},"end":{"line":273,"column":31}},{"start":{"line":273,"column":34},"end":{"line":273,"column":40}}],"line":273},"44":{"loc":{"start":{"line":274,"column":10},"end":{"line":274,"column":42}},"type":"cond-expr","locations":[{"start":{"line":274,"column":21},"end":{"line":274,"column":33}},{"start":{"line":274,"column":36},"end":{"line":274,"column":42}}],"line":274},"45":{"loc":{"start":{"line":275,"column":11},"end":{"line":275,"column":40}},"type":"cond-expr","locations":[{"start":{"line":275,"column":22},"end":{"line":275,"column":31}},{"start":{"line":275,"column":34},"end":{"line":275,"column":40}}],"line":275},"46":{"loc":{"start":{"line":276,"column":11},"end":{"line":276,"column":53}},"type":"cond-expr","locations":[{"start":{"line":276,"column":22},"end":{"line":276,"column":44}},{"start":{"line":276,"column":47},"end":{"line":276,"column":53}}],"line":276},"47":{"loc":{"start":{"line":279,"column":18},"end":{"line":279,"column":48}},"type":"binary-expr","locations":[{"start":{"line":279,"column":18},"end":{"line":279,"column":36}},{"start":{"line":279,"column":41},"end":{"line":279,"column":47}}],"line":279},"48":{"loc":{"start":{"line":289,"column":17},"end":{"line":289,"column":91}},"type":"cond-expr","locations":[{"start":{"line":289,"column":28},"end":{"line":289,"column":64}},{"start":{"line":289,"column":67},"end":{"line":289,"column":91}}],"line":289},"49":{"loc":{"start":{"line":292,"column":18},"end":{"line":294,"column":34}},"type":"cond-expr","locations":[{"start":{"line":293,"column":6},"end":{"line":293,"column":46}},{"start":{"line":294,"column":6},"end":{"line":294,"column":34}}],"line":292},"50":{"loc":{"start":{"line":300,"column":21},"end":{"line":300,"column":37}},"type":"binary-expr","locations":[{"start":{"line":300,"column":21},"end":{"line":300,"column":27}},{"start":{"line":300,"column":31},"end":{"line":300,"column":37}}],"line":300},"51":{"loc":{"start":{"line":309,"column":2},"end":{"line":324,"column":3}},"type":"if","locations":[{"start":{"line":309,"column":2},"end":{"line":324,"column":3}},{"start":{},"end":{}}],"line":309},"52":{"loc":{"start":{"line":309,"column":6},"end":{"line":309,"column":44}},"type":"binary-expr","locations":[{"start":{"line":309,"column":6},"end":{"line":309,"column":24}},{"start":{"line":309,"column":28},"end":{"line":309,"column":44}}],"line":309},"53":{"loc":{"start":{"line":311,"column":4},"end":{"line":323,"column":5}},"type":"if","locations":[{"start":{"line":311,"column":4},"end":{"line":323,"column":5}},{"start":{"line":321,"column":11},"end":{"line":323,"column":5}}],"line":311},"54":{"loc":{"start":{"line":339,"column":18},"end":{"line":339,"column":73}},"type":"cond-expr","locations":[{"start":{"line":339,"column":29},"end":{"line":339,"column":56}},{"start":{"line":339,"column":59},"end":{"line":339,"column":73}}],"line":339},"55":{"loc":{"start":{"line":344,"column":18},"end":{"line":344,"column":72}},"type":"cond-expr","locations":[{"start":{"line":344,"column":29},"end":{"line":344,"column":55}},{"start":{"line":344,"column":58},"end":{"line":344,"column":72}}],"line":344},"56":{"loc":{"start":{"line":349,"column":18},"end":{"line":349,"column":73}},"type":"cond-expr","locations":[{"start":{"line":349,"column":29},"end":{"line":349,"column":56}},{"start":{"line":349,"column":59},"end":{"line":349,"column":73}}],"line":349},"57":{"loc":{"start":{"line":355,"column":18},"end":{"line":355,"column":54}},"type":"cond-expr","locations":[{"start":{"line":355,"column":29},"end":{"line":355,"column":46}},{"start":{"line":355,"column":49},"end":{"line":355,"column":54}}],"line":355},"58":{"loc":{"start":{"line":372,"column":19},"end":{"line":372,"column":46}},"type":"binary-expr","locations":[{"start":{"line":372,"column":19},"end":{"line":372,"column":40}},{"start":{"line":372,"column":44},"end":{"line":372,"column":46}}],"line":372}},"s":{"0":1,"1":1,"2":1,"3":1,"4":1,"5":1,"6":1,"7":1,"8":1,"9":1,"10":1,"11":1,"12":1,"13":1,"14":1,"15":1,"16":0,"17":1,"18":1,"19":0,"20":0,"21":0,"22":0,"23":0,"24":0,"25":0,"26":0,"27":0,"28":0,"29":0,"30":0,"31":0,"32":0,"33":0,"34":0,"35":0,"36":0,"37":5,"38":5,"39":5,"40":5,"41":5,"42":0,"43":0,"44":1,"45":1,"46":1,"47":5,"48":5,"49":5,"50":5,"51":5,"52":5,"53":5,"54":12,"55":2,"56":10,"57":5,"58":5,"59":5,"60":5,"61":5,"62":6,"63":6,"64":6,"65":6,"66":0,"67":6,"68":2,"69":4,"70":5,"71":0,"72":0,"73":5,"74":5,"75":5,"76":5,"77":5,"78":5,"79":5,"80":5,"81":5,"82":5,"83":5,"84":5,"85":0,"86":5,"87":5,"88":5,"89":5,"90":0,"91":5,"92":5,"93":5,"94":0,"95":5,"96":0,"97":5,"98":0,"99":5,"100":0,"101":5,"102":0,"103":5,"104":0,"105":5,"106":0,"107":5,"108":0,"109":5,"110":0,"111":5,"112":0,"113":5,"114":0,"115":5,"116":0,"117":5,"118":5,"119":5,"120":5,"121":5,"122":5,"123":5,"124":5,"125":5,"126":5,"127":5,"128":5,"129":5,"130":5,"131":5,"132":5,"133":5,"134":5,"135":5,"136":5,"137":5,"138":5,"139":5,"140":5,"141":3,"142":3,"143":3,"144":3,"145":9,"146":3,"147":0,"148":0,"149":2,"150":0,"151":0,"152":2,"153":3,"154":0,"155":0,"156":0,"157":0,"158":0,"159":0,"160":0,"161":0,"162":0,"163":0,"164":0,"165":1,"166":1,"167":0},"f":{"0":0,"1":0,"2":0,"3":0,"4":5,"5":5,"6":5,"7":12,"8":5,"9":5,"10":5,"11":5,"12":5,"13":5,"14":5,"15":5,"16":5,"17":5,"18":9,"19":2,"20":0,"21":0,"22":2,"23":3,"24":0,"25":0,"26":0,"27":0,"28":0,"29":0,"30":0},"b":{"0":[1,0],"1":[1,0],"2":[0,1],"3":[0,0],"4":[0,0],"5":[0,0],"6":[5,0],"7":[0,5],"8":[5,5],"9":[1,1],"10":[2,10],"11":[5,5],"12":[5,0],"13":[5,5],"14":[5,5],"15":[6,0],"16":[6,6,6,6,6],"17":[0,6],"18":[2,4],"19":[5,0],"20":[5,5],"21":[5,5],"22":[0,5],"23":[0,5],"24":[0,5],"25":[0,5],"26":[0,5],"27":[0,5],"28":[0,5],"29":[5,5],"30":[0,5],"31":[0,5],"32":[0,5],"33":[0,5],"34":[5,5],"35":[0,0],"36":[0,5],"37":[0,5],"38":[5,5],"39":[0,5],"40":[0,5],"41":[0,5],"42":[5,5],"43":[5,5],"44":[5,5],"45":[5,5],"46":[5,5],"47":[5,5],"48":[5,0],"49":[5,0],"50":[0,5],"51":[3,2],"52":[5,3],"53":[3,0],"54":[0,0],"55":[0,0],"56":[0,0],"57":[0,0],"58":[0,1]},"meta":{"lastBranch":59,"lastFunction":31,"lastStatement":168,"seen":{"s:6:14:6:30":0,"s:7:11:7:24":1,"s:8:13:8:28":2,"s:9:21:9:38":3,"s:10:30:10:52":4,"s:13:26:13:49":5,"s:17:19:17:35":6,"s:20:24:20:27":7,"b:21:0:23:1:undefined:undefined:undefined:undefined":0,"s:21:0:23:1":8,"s:22:2:22:29":9,"s:24:18:24:39":10,"b:27:0:31:1:undefined:undefined:undefined:undefined":1,"s:27:0:31:1":11,"s:28:2:30:4":12,"s:32:18:32:39":13,"s:35:16:35:56":14,"b:36:0:38:1:undefined:undefined:undefined:undefined":2,"s:36:0:38:1":15,"s:37:2:37:45":16,"s:40:17:40:46":17,"s:43:16:43:80":18,"f:48:9:48:21":0,"s:49:2:49:26":19,"f:55:9:55:24":1,"b:56:2:58:3:undefined:undefined:undefined:undefined":3,"s:56:2:58:3":20,"s:57:4:57:80":21,"b:57:42:57:72:57:76:57:78":4,"s:59:2:59:24":22,"f:65:9:65:23":2,"s:66:2:94:3":23,"b:67:4:77:5:undefined:undefined:undefined:undefined":5,"s:67:4:77:5":24,"s:68:20:68:41":25,"s:69:6:76:8":26,"s:78:4:84:6":27,"s:86:4:93:6":28,"f:100:9:100:21":3,"s:101:2:110:3":29,"s:102:4:102:20":30,"s:103:4:103:43":31,"s:104:4:104:81":32,"s:105:4:105:31":33,"s:106:4:106:16":34,"s:108:4:108:50":35,"s:109:4:109:17":36,"f:116:9:116:29":4,"s:117:2:128:16":37,"b:118:4:127:5:undefined:undefined:undefined:undefined":6,"s:118:4:127:5":38,"s:119:20:119:41":39,"s:120:22:120:59":40,"b:121:6:126:7:undefined:undefined:undefined:undefined":7,"s:121:6:126:7":41,"b:121:10:121:21:121:25:121:45":8,"s:122:8:124:10":42,"s:125:8:125:23":43,"s:132:19:139:1":44,"s:142:21:142:88":45,"b:142:21:142:69:142:73:142:88":9,"s:145:17:145:45":46,"f:148:9:148:21":5,"s:149:2:149:34":47,"f:152:9:152:31":6,"s:153:14:153:33":48,"s:154:16:154:55":49,"s:155:18:155:59":50,"s:156:18:156:59":51,"s:157:13:157:59":52,"s:158:2:158:48":53,"f:162:9:162:26":7,"b:163:2:163:25:undefined:undefined:undefined:undefined":10,"s:163:2:163:25":54,"s:163:13:163:25":55,"b:165:2:171:3:undefined:undefined:undefined:undefined":11,"s:165:2:171:3":56,"s:167:4:170:6":57,"b:173:2:200:3:undefined:undefined:undefined:undefined":12,"s:173:2:200:3":58,"b:173:6:173:30:173:34:173:47":13,"s:175:4:199:5":59,"s:176:21:176:50":60,"b:176:43:176:45:176:48:176:50":14,"s:177:6:195:7":61,"b:178:8:194:9:undefined:undefined:undefined:undefined":15,"s:178:8:194:9":62,"s:179:27:179:44":63,"s:181:12:185:43":64,"b:181:12:181:38:182:12:182:41:183:12:183:36:184:12:184:39:185:12:185:43":16,"b:187:10:193:11:189:17:193:11":17,"s:187:10:193:11":65,"s:188:12:188:35":66,"b:189:17:193:11:191:17:193:11":18,"s:189:17:193:11":67,"s:190:12:190:55":68,"s:192:12:192:36":69,"s:196:6:196:20":70,"s:198:6:198:40":71,"s:202:2:202:14":72,"f:208:9:208:12":8,"b:209:2:209:47:undefined:undefined:undefined:undefined":19,"s:209:2:209:47":73,"s:209:40:209:47":74,"s:211:20:211:34":75,"s:212:18:212:52":76,"b:212:18:212:46:212:50:212:52":20,"s:213:18:213:39":77,"b:213:18:213:33:213:37:213:39":21,"s:216:24:216:50":78,"s:217:21:217:44":79,"s:220:2:220:25":80,"s:223:2:223:79":81,"s:226:19:233:3":82,"b:230:12:230:18:230:22:230:28":22,"s:236:2:236:27":83,"b:237:2:239:3:undefined:undefined:undefined:undefined":23,"s:237:2:239:3":84,"s:238:4:238:22":85,"s:242:18:242:49":86,"s:243:2:243:27":87,"s:246:2:246:35":88,"f:249:9:249:23":9,"b:250:2:250:31:undefined:undefined:undefined:undefined":24,"s:250:2:250:31":89,"s:250:17:250:31":90,"f:250:24:250:25":10,"s:250:29:250:30":91,"s:251:14:251:46":92,"b:251:15:251:21:251:25:251:31":25,"b:254:2:254:53:undefined:undefined:undefined:undefined":26,"s:254:2:254:53":93,"s:254:34:254:53":94,"b:255:2:255:51:undefined:undefined:undefined:undefined":27,"s:255:2:255:51":95,"s:255:27:255:51":96,"b:256:2:256:72:undefined:undefined:undefined:undefined":28,"s:256:2:256:72":97,"b:256:6:256:28:256:32:256:52":29,"s:256:54:256:72":98,"b:257:2:257:55:undefined:undefined:undefined:undefined":30,"s:257:2:257:55":99,"s:257:34:257:55":100,"b:258:2:258:54:undefined:undefined:undefined:undefined":31,"s:258:2:258:54":101,"s:258:30:258:54":102,"b:259:2:259:55:undefined:undefined:undefined:undefined":32,"s:259:2:259:55":103,"s:259:30:259:55":104,"b:260:2:260:92:undefined:undefined:undefined:undefined":33,"s:260:2:260:92":105,"b:260:6:260:25:260:29:260:54":34,"s:260:56:260:92":106,"b:260:63:260:75:260:79:260:91":35,"b:261:2:261:51:undefined:undefined:undefined:undefined":36,"s:261:2:261:51":107,"s:261:28:261:51":108,"b:262:2:262:74:undefined:undefined:undefined:undefined":37,"s:262:2:262:74":109,"b:262:6:262:30:262:34:262:52":38,"s:262:54:262:74":110,"b:263:2:263:46:undefined:undefined:undefined:undefined":39,"s:263:2:263:46":111,"s:263:28:263:46":112,"b:264:2:264:54:undefined:undefined:undefined:undefined":40,"s:264:2:264:54":113,"s:264:27:264:54":114,"b:265:2:265:49:undefined:undefined:undefined:undefined":41,"s:265:2:265:49":115,"s:265:31:265:49":116,"s:267:2:267:26":117,"f:270:9:270:23":11,"s:271:22:277:3":118,"b:272:22:272:32:272:35:272:41":42,"f:272:35:272:36":12,"s:272:40:272:41":119,"b:273:21:273:31:273:34:273:40":43,"f:273:34:273:35":13,"s:273:39:273:40":120,"b:274:21:274:33:274:36:274:42":44,"f:274:36:274:37":14,"s:274:41:274:42":121,"b:275:22:275:31:275:34:275:40":45,"f:275:34:275:35":15,"s:275:39:275:40":122,"b:276:22:276:44:276:47:276:53":46,"f:276:47:276:48":16,"s:276:52:276:53":123,"s:279:18:279:48":124,"b:279:18:279:36:279:41:279:47":47,"f:279:41:279:42":17,"s:279:46:279:47":125,"s:280:22:280:55":126,"s:283:21:283:22":127,"s:284:19:284:21":128,"s:285:20:285:21":129,"s:286:21:286:23":130,"s:289:17:289:91":131,"b:289:28:289:64:289:67:289:91":48,"s:292:18:294:34":132,"b:293:6:293:46:294:6:294:34":49,"s:297:19:297:51":133,"s:300:20:300:55":134,"b:300:21:300:27:300:31:300:37":50,"s:301:26:301:61":135,"s:302:24:302:46":136,"s:303:20:303:50":137,"s:306:17:306:75":138,"s:307:2:307:22":139,"b:309:2:324:3:undefined:undefined:undefined:undefined":51,"s:309:2:324:3":140,"b:309:6:309:24:309:28:309:44":52,"s:310:19:310:81":141,"b:311:4:323:5:321:11:323:5":53,"s:311:4:323:5":142,"s:312:6:320:7":143,"s:313:21:316:21":144,"f:315:15:315:19":18,"s:315:23:315:36":145,"s:317:8:317:35":146,"s:319:8:319:56":147,"s:322:6:322:42":148,"f:330:9:330:21":19,"s:331:2:363:4":149,"f:332:11:332:12":20,"s:332:30:332:69":150,"f:333:10:333:11":21,"s:333:29:333:67":151,"f:334:10:334:11":22,"s:334:29:334:67":152,"f:335:11:335:12":23,"s:335:30:335:69":153,"f:336:11:336:12":24,"s:336:30:336:69":154,"f:338:13:338:14":25,"s:339:18:339:73":155,"b:339:29:339:56:339:59:339:73":54,"s:340:6:340:41":156,"f:343:11:343:18":26,"s:344:18:344:72":157,"b:344:29:344:55:344:58:344:72":55,"s:345:6:345:35":158,"f:348:14:348:15":27,"s:349:18:349:73":159,"b:349:29:349:56:349:59:349:73":56,"s:350:6:350:41":160,"f:354:11:354:16":28,"s:355:18:355:54":161,"b:355:29:355:46:355:49:355:54":57,"s:356:6:356:35":162,"f:359:15:359:16":29,"s:360:18:360:34":163,"s:361:6:361:41":164,"s:366:21:366:37":165,"s:368:0:381:2":166,"f:372:13:372:14":30,"s:372:19:372:46":167,"b:372:19:372:40:372:44:372:46":58}}}
}
